  defineTemplates.cpp
D:\Michael\Documents\UNI\TU Wien\8.Semester\UE Visual Analysis of Human Motion\openpose\include\openpose/thread/worker.hpp(72): warning C4910: "op::Worker<std::shared_ptr<std::vector<op::Datum,std::allocator<_Ty>>>>": "__declspec(dllexport)" und "extern" sind bei einer expliziten Instanziierung nicht miteinander kompatibel.
          with
          [
              _Ty=op::Datum
          ]
D:\Michael\Documents\UNI\TU Wien\8.Semester\UE Visual Analysis of Human Motion\openpose\include\openpose/3d/wPoseTriangulation.hpp(101): warning C4910: "op::WPoseTriangulation<std::shared_ptr<std::vector<op::Datum,std::allocator<_Ty>>>>": "__declspec(dllexport)" und "extern" sind bei einer expliziten Instanziierung nicht miteinander kompatibel.
          with
          [
              _Ty=op::Datum
          ]
  defineTemplates.cpp
D:\Michael\Documents\UNI\TU Wien\8.Semester\UE Visual Analysis of Human Motion\openpose\include\openpose/thread/worker.hpp(72): warning C4910: "op::Worker<std::shared_ptr<std::vector<op::Datum,std::allocator<_Ty>>>>": "__declspec(dllexport)" und "extern" sind bei einer expliziten Instanziierung nicht miteinander kompatibel.
          with
          [
              _Ty=op::Datum
          ]
D:\Michael\Documents\UNI\TU Wien\8.Semester\UE Visual Analysis of Human Motion\openpose\include\openpose/core/wCvMatToOpInput.hpp(77): warning C4910: "op::WCvMatToOpInput<std::shared_ptr<std::vector<op::Datum,std::allocator<_Ty>>>>": "__declspec(dllexport)" und "extern" sind bei einer expliziten Instanziierung nicht miteinander kompatibel.
          with
          [
              _Ty=op::Datum
          ]
D:\Michael\Documents\UNI\TU Wien\8.Semester\UE Visual Analysis of Human Motion\openpose\include\openpose/core/wCvMatToOpOutput.hpp(79): warning C4910: "op::WCvMatToOpOutput<std::shared_ptr<std::vector<op::Datum,std::allocator<_Ty>>>>": "__declspec(dllexport)" und "extern" sind bei einer expliziten Instanziierung nicht miteinander kompatibel.
          with
          [
              _Ty=op::Datum
          ]
D:\Michael\Documents\UNI\TU Wien\8.Semester\UE Visual Analysis of Human Motion\openpose\include\openpose/core/wKeepTopNPeople.hpp(80): warning C4910: "op::WKeepTopNPeople<std::shared_ptr<std::vector<op::Datum,std::allocator<_Ty>>>>": "__declspec(dllexport)" und "extern" sind bei einer expliziten Instanziierung nicht miteinander kompatibel.
          with
          [
              _Ty=op::Datum
          ]
D:\Michael\Documents\UNI\TU Wien\8.Semester\UE Visual Analysis of Human Motion\openpose\include\openpose/core/wKeypointScaler.hpp(81): warning C4910: "op::WKeypointScaler<std::shared_ptr<std::vector<op::Datum,std::allocator<_Ty>>>>": "__declspec(dllexport)" und "extern" sind bei einer expliziten Instanziierung nicht miteinander kompatibel.
          with
          [
              _Ty=op::Datum
          ]
D:\Michael\Documents\UNI\TU Wien\8.Semester\UE Visual Analysis of Human Motion\openpose\include\openpose/core/wOpOutputToCvMat.hpp(75): warning C4910: "op::WOpOutputToCvMat<std::shared_ptr<std::vector<op::Datum,std::allocator<_Ty>>>>": "__declspec(dllexport)" und "extern" sind bei einer expliziten Instanziierung nicht miteinander kompatibel.
          with
          [
              _Ty=op::Datum
          ]
D:\Michael\Documents\UNI\TU Wien\8.Semester\UE Visual Analysis of Human Motion\openpose\include\openpose/core/wScaleAndSizeExtractor.hpp(80): warning C4910: "op::WScaleAndSizeExtractor<std::shared_ptr<std::vector<op::Datum,std::allocator<_Ty>>>>": "__declspec(dllexport)" und "extern" sind bei einer expliziten Instanziierung nicht miteinander kompatibel.
          with
          [
              _Ty=op::Datum
          ]
  defineTemplates.cpp
D:\Michael\Documents\UNI\TU Wien\8.Semester\UE Visual Analysis of Human Motion\openpose\include\openpose/thread/worker.hpp(72): warning C4910: "op::Worker<std::shared_ptr<std::vector<op::Datum,std::allocator<_Ty>>>>": "__declspec(dllexport)" und "extern" sind bei einer expliziten Instanziierung nicht miteinander kompatibel.
          with
          [
              _Ty=op::Datum
          ]
D:\Michael\Documents\UNI\TU Wien\8.Semester\UE Visual Analysis of Human Motion\openpose\include\openpose/experimental/tracking/wPersonIdExtractor.hpp(75): warning C4910: "op::WPersonIdExtractor<std::shared_ptr<std::vector<op::Datum,std::allocator<_Ty>>>>": "__declspec(dllexport)" und "extern" sind bei einer expliziten Instanziierung nicht miteinander kompatibel.
          with
          [
              _Ty=op::Datum
          ]
  defineTemplates.cpp
D:\Michael\Documents\UNI\TU Wien\8.Semester\UE Visual Analysis of Human Motion\openpose\include\openpose/thread/worker.hpp(72): warning C4910: "op::Worker<std::shared_ptr<std::vector<op::Datum,std::allocator<_Ty>>>>": "__declspec(dllexport)" und "extern" sind bei einer expliziten Instanziierung nicht miteinander kompatibel.
          with
          [
              _Ty=op::Datum
          ]
D:\Michael\Documents\UNI\TU Wien\8.Semester\UE Visual Analysis of Human Motion\openpose\include\openpose/face/wFaceDetector.hpp(75): warning C4910: "op::WFaceDetector<std::shared_ptr<std::vector<op::Datum,std::allocator<_Ty>>>>": "__declspec(dllexport)" und "extern" sind bei einer expliziten Instanziierung nicht miteinander kompatibel.
          with
          [
              _Ty=op::Datum
          ]
D:\Michael\Documents\UNI\TU Wien\8.Semester\UE Visual Analysis of Human Motion\openpose\include\openpose/face/wFaceDetectorOpenCV.hpp(75): warning C4910: "op::WFaceDetectorOpenCV<std::shared_ptr<std::vector<op::Datum,std::allocator<_Ty>>>>": "__declspec(dllexport)" und "extern" sind bei einer expliziten Instanziierung nicht miteinander kompatibel.
          with
          [
              _Ty=op::Datum
          ]
D:\Michael\Documents\UNI\TU Wien\8.Semester\UE Visual Analysis of Human Motion\openpose\include\openpose/face/wFaceExtractorNet.hpp(80): warning C4910: "op::WFaceExtractorNet<std::shared_ptr<std::vector<op::Datum,std::allocator<_Ty>>>>": "__declspec(dllexport)" und "extern" sind bei einer expliziten Instanziierung nicht miteinander kompatibel.
          with
          [
              _Ty=op::Datum
          ]
D:\Michael\Documents\UNI\TU Wien\8.Semester\UE Visual Analysis of Human Motion\openpose\include\openpose/face/wFaceRenderer.hpp(77): warning C4910: "op::WFaceRenderer<std::shared_ptr<std::vector<op::Datum,std::allocator<_Ty>>>>": "__declspec(dllexport)" und "extern" sind bei einer expliziten Instanziierung nicht miteinander kompatibel.
          with
          [
              _Ty=op::Datum
          ]
  defineTemplates.cpp
D:\Michael\Documents\UNI\TU Wien\8.Semester\UE Visual Analysis of Human Motion\openpose\include\openpose/thread/worker.hpp(72): warning C4910: "op::Worker<std::shared_ptr<std::vector<op::Datum,std::allocator<_Ty>>>>": "__declspec(dllexport)" und "extern" sind bei einer expliziten Instanziierung nicht miteinander kompatibel.
          with
          [
              _Ty=op::Datum
          ]
D:\Michael\Documents\UNI\TU Wien\8.Semester\UE Visual Analysis of Human Motion\openpose\include\openpose/thread/workerConsumer.hpp(37): warning C4910: "op::WorkerConsumer<std::shared_ptr<std::vector<op::Datum,std::allocator<_Ty>>>>": "__declspec(dllexport)" und "extern" sind bei einer expliziten Instanziierung nicht miteinander kompatibel.
          with
          [
              _Ty=op::Datum
          ]
D:\Michael\Documents\UNI\TU Wien\8.Semester\UE Visual Analysis of Human Motion\openpose\include\openpose/filestream/wCocoJsonSaver.hpp(78): warning C4910: "op::WCocoJsonSaver<std::shared_ptr<std::vector<op::Datum,std::allocator<_Ty>>>>": "__declspec(dllexport)" und "extern" sind bei einer expliziten Instanziierung nicht miteinander kompatibel.
          with
          [
              _Ty=op::Datum
          ]
D:\Michael\Documents\UNI\TU Wien\8.Semester\UE Visual Analysis of Human Motion\openpose\include\openpose/filestream/wFaceSaver.hpp(80): warning C4910: "op::WFaceSaver<std::shared_ptr<std::vector<op::Datum,std::allocator<_Ty>>>>": "__declspec(dllexport)" und "extern" sind bei einer expliziten Instanziierung nicht miteinander kompatibel.
          with
          [
              _Ty=op::Datum
          ]
D:\Michael\Documents\UNI\TU Wien\8.Semester\UE Visual Analysis of Human Motion\openpose\include\openpose/filestream/wHandSaver.hpp(85): warning C4910: "op::WHandSaver<std::shared_ptr<std::vector<op::Datum,std::allocator<_Ty>>>>": "__declspec(dllexport)" und "extern" sind bei einer expliziten Instanziierung nicht miteinander kompatibel.
          with
          [
              _Ty=op::Datum
          ]
D:\Michael\Documents\UNI\TU Wien\8.Semester\UE Visual Analysis of Human Motion\openpose\include\openpose/filestream/wImageSaver.hpp(79): warning C4910: "op::WImageSaver<std::shared_ptr<std::vector<op::Datum,std::allocator<_Ty>>>>": "__declspec(dllexport)" und "extern" sind bei einer expliziten Instanziierung nicht miteinander kompatibel.
          with
          [
              _Ty=op::Datum
          ]
D:\Michael\Documents\UNI\TU Wien\8.Semester\UE Visual Analysis of Human Motion\openpose\include\openpose/filestream/wHeatMapSaver.hpp(81): warning C4910: "op::WHeatMapSaver<std::shared_ptr<std::vector<op::Datum,std::allocator<_Ty>>>>": "__declspec(dllexport)" und "extern" sind bei einer expliziten Instanziierung nicht miteinander kompatibel.
          with
          [
              _Ty=op::Datum
          ]
D:\Michael\Documents\UNI\TU Wien\8.Semester\UE Visual Analysis of Human Motion\openpose\include\openpose/filestream/wPeopleJsonSaver.hpp(97): warning C4910: "op::WPeopleJsonSaver<std::shared_ptr<std::vector<op::Datum,std::allocator<_Ty>>>>": "__declspec(dllexport)" und "extern" sind bei einer expliziten Instanziierung nicht miteinander kompatibel.
          with
          [
              _Ty=op::Datum
          ]
D:\Michael\Documents\UNI\TU Wien\8.Semester\UE Visual Analysis of Human Motion\openpose\include\openpose/filestream/wPoseSaver.hpp(80): warning C4910: "op::WPoseSaver<std::shared_ptr<std::vector<op::Datum,std::allocator<_Ty>>>>": "__declspec(dllexport)" und "extern" sind bei einer expliziten Instanziierung nicht miteinander kompatibel.
          with
          [
              _Ty=op::Datum
          ]
D:\Michael\Documents\UNI\TU Wien\8.Semester\UE Visual Analysis of Human Motion\openpose\include\openpose/filestream/wVideoSaver.hpp(78): warning C4910: "op::WVideoSaver<std::shared_ptr<std::vector<op::Datum,std::allocator<_Ty>>>>": "__declspec(dllexport)" und "extern" sind bei einer expliziten Instanziierung nicht miteinander kompatibel.
          with
          [
              _Ty=op::Datum
          ]
  defineTemplates.cpp
D:\Michael\Documents\UNI\TU Wien\8.Semester\UE Visual Analysis of Human Motion\openpose\include\openpose/thread/worker.hpp(72): warning C4910: "op::Worker<std::shared_ptr<std::vector<op::Datum,std::allocator<_Ty>>>>": "__declspec(dllexport)" und "extern" sind bei einer expliziten Instanziierung nicht miteinander kompatibel.
          with
          [
              _Ty=op::Datum
          ]
D:\Michael\Documents\UNI\TU Wien\8.Semester\UE Visual Analysis of Human Motion\openpose\include\openpose/thread/workerConsumer.hpp(37): warning C4910: "op::WorkerConsumer<std::shared_ptr<std::vector<op::Datum,std::allocator<_Ty>>>>": "__declspec(dllexport)" und "extern" sind bei einer expliziten Instanziierung nicht miteinander kompatibel.
          with
          [
              _Ty=op::Datum
          ]
D:\Michael\Documents\UNI\TU Wien\8.Semester\UE Visual Analysis of Human Motion\openpose\include\openpose/gui/wGui.hpp(93): warning C4910: "op::WGui<std::shared_ptr<std::vector<op::Datum,std::allocator<_Ty>>>>": "__declspec(dllexport)" und "extern" sind bei einer expliziten Instanziierung nicht miteinander kompatibel.
          with
          [
              _Ty=op::Datum
          ]
D:\Michael\Documents\UNI\TU Wien\8.Semester\UE Visual Analysis of Human Motion\openpose\include\openpose/gui/wGui3D.hpp(98): warning C4910: "op::WGui3D<std::shared_ptr<std::vector<op::Datum,std::allocator<_Ty>>>>": "__declspec(dllexport)" und "extern" sind bei einer expliziten Instanziierung nicht miteinander kompatibel.
          with
          [
              _Ty=op::Datum
          ]
D:\Michael\Documents\UNI\TU Wien\8.Semester\UE Visual Analysis of Human Motion\openpose\include\openpose/gui/wGuiInfoAdder.hpp(78): warning C4910: "op::WGuiInfoAdder<std::shared_ptr<std::vector<op::Datum,std::allocator<_Ty>>>>": "__declspec(dllexport)" und "extern" sind bei einer expliziten Instanziierung nicht miteinander kompatibel.
          with
          [
              _Ty=op::Datum
          ]
  defineTemplates.cpp
D:\Michael\Documents\UNI\TU Wien\8.Semester\UE Visual Analysis of Human Motion\openpose\include\openpose/thread/worker.hpp(72): warning C4910: "op::Worker<std::shared_ptr<std::vector<op::Datum,std::allocator<_Ty>>>>": "__declspec(dllexport)" und "extern" sind bei einer expliziten Instanziierung nicht miteinander kompatibel.
          with
          [
              _Ty=op::Datum
          ]
D:\Michael\Documents\UNI\TU Wien\8.Semester\UE Visual Analysis of Human Motion\openpose\include\openpose/hand/wHandDetector.hpp(75): warning C4910: "op::WHandDetector<std::shared_ptr<std::vector<op::Datum,std::allocator<_Ty>>>>": "__declspec(dllexport)" und "extern" sind bei einer expliziten Instanziierung nicht miteinander kompatibel.
          with
          [
              _Ty=op::Datum
          ]
D:\Michael\Documents\UNI\TU Wien\8.Semester\UE Visual Analysis of Human Motion\openpose\include\openpose/hand/wHandDetectorFromTxt.hpp(75): warning C4910: "op::WHandDetectorFromTxt<std::shared_ptr<std::vector<op::Datum,std::allocator<_Ty>>>>": "__declspec(dllexport)" und "extern" sind bei einer expliziten Instanziierung nicht miteinander kompatibel.
          with
          [
              _Ty=op::Datum
          ]
D:\Michael\Documents\UNI\TU Wien\8.Semester\UE Visual Analysis of Human Motion\openpose\include\openpose/hand/wHandDetectorTracking.hpp(75): warning C4910: "op::WHandDetectorTracking<std::shared_ptr<std::vector<op::Datum,std::allocator<_Ty>>>>": "__declspec(dllexport)" und "extern" sind bei einer expliziten Instanziierung nicht miteinander kompatibel.
          with
          [
              _Ty=op::Datum
          ]
D:\Michael\Documents\UNI\TU Wien\8.Semester\UE Visual Analysis of Human Motion\openpose\include\openpose/hand/wHandDetectorUpdate.hpp(75): warning C4910: "op::WHandDetectorUpdate<std::shared_ptr<std::vector<op::Datum,std::allocator<_Ty>>>>": "__declspec(dllexport)" und "extern" sind bei einer expliziten Instanziierung nicht miteinander kompatibel.
          with
          [
              _Ty=op::Datum
          ]
D:\Michael\Documents\UNI\TU Wien\8.Semester\UE Visual Analysis of Human Motion\openpose\include\openpose/hand/wHandExtractorNet.hpp(83): warning C4910: "op::WHandExtractorNet<std::shared_ptr<std::vector<op::Datum,std::allocator<_Ty>>>>": "__declspec(dllexport)" und "extern" sind bei einer expliziten Instanziierung nicht miteinander kompatibel.
          with
          [
              _Ty=op::Datum
          ]
D:\Michael\Documents\UNI\TU Wien\8.Semester\UE Visual Analysis of Human Motion\openpose\include\openpose/hand/wHandRenderer.hpp(77): warning C4910: "op::WHandRenderer<std::shared_ptr<std::vector<op::Datum,std::allocator<_Ty>>>>": "__declspec(dllexport)" und "extern" sind bei einer expliziten Instanziierung nicht miteinander kompatibel.
          with
          [
              _Ty=op::Datum
          ]
  defineTemplates.cpp
D:\Michael\Documents\UNI\TU Wien\8.Semester\UE Visual Analysis of Human Motion\openpose\include\openpose/thread/worker.hpp(72): warning C4910: "op::Worker<std::shared_ptr<std::vector<op::Datum,std::allocator<_Ty>>>>": "__declspec(dllexport)" und "extern" sind bei einer expliziten Instanziierung nicht miteinander kompatibel.
          with
          [
              _Ty=op::Datum
          ]
D:\Michael\Documents\UNI\TU Wien\8.Semester\UE Visual Analysis of Human Motion\openpose\include\openpose/pose/wPoseExtractor.hpp(97): warning C4910: "op::WPoseExtractor<std::shared_ptr<std::vector<op::Datum,std::allocator<_Ty>>>>": "__declspec(dllexport)" und "extern" sind bei einer expliziten Instanziierung nicht miteinander kompatibel.
          with
          [
              _Ty=op::Datum
          ]
D:\Michael\Documents\UNI\TU Wien\8.Semester\UE Visual Analysis of Human Motion\openpose\include\openpose/pose/wPoseExtractorNet.hpp(85): warning C4910: "op::WPoseExtractorNet<std::shared_ptr<std::vector<op::Datum,std::allocator<_Ty>>>>": "__declspec(dllexport)" und "extern" sind bei einer expliziten Instanziierung nicht miteinander kompatibel.
          with
          [
              _Ty=op::Datum
          ]
D:\Michael\Documents\UNI\TU Wien\8.Semester\UE Visual Analysis of Human Motion\openpose\include\openpose/pose/wPoseRenderer.hpp(78): warning C4910: "op::WPoseRenderer<std::shared_ptr<std::vector<op::Datum,std::allocator<_Ty>>>>": "__declspec(dllexport)" und "extern" sind bei einer expliziten Instanziierung nicht miteinander kompatibel.
          with
          [
              _Ty=op::Datum
          ]
  defineTemplates.cpp
D:\Michael\Documents\UNI\TU Wien\8.Semester\UE Visual Analysis of Human Motion\openpose\include\openpose/thread/worker.hpp(72): warning C4910: "op::Worker<std::shared_ptr<TDatumsNoPtr>>": "__declspec(dllexport)" und "extern" sind bei einer expliziten Instanziierung nicht miteinander kompatibel.
          with
          [
              TDatumsNoPtr=std::vector<op::Datum,std::allocator<op::Datum>>
          ]
D:\Michael\Documents\UNI\TU Wien\8.Semester\UE Visual Analysis of Human Motion\openpose\include\openpose/thread/workerProducer.hpp(37): warning C4910: "op::WorkerProducer<std::shared_ptr<TDatumsNoPtr>>": "__declspec(dllexport)" und "extern" sind bei einer expliziten Instanziierung nicht miteinander kompatibel.
          with
          [
              TDatumsNoPtr=std::vector<op::Datum,std::allocator<op::Datum>>
          ]
  defineTemplates.cpp
D:\Michael\Documents\UNI\TU Wien\8.Semester\UE Visual Analysis of Human Motion\openpose\include\openpose/thread/priorityQueue.hpp(78): warning C4910: "op::PriorityQueue<std::shared_ptr<std::vector<op::Datum,std::allocator<_Ty>>>,std::priority_queue<std::shared_ptr<std::vector<_Ty,std::allocator<_Ty>>>,std::vector<std::shared_ptr<std::vector<_Ty,std::allocator<_Ty>>>,std::allocator<std::shared_ptr<std::vector<_Ty,std::allocator<_Ty>>>>>,std::greater<std::shared_ptr<std::vector<_Ty,std::allocator<_Ty>>>>>>": "__declspec(dllexport)" und "extern" sind bei einer expliziten Instanziierung nicht miteinander kompatibel.
          with
          [
              _Ty=op::Datum
          ]
D:\Michael\Documents\UNI\TU Wien\8.Semester\UE Visual Analysis of Human Motion\openpose\include\openpose/thread/queue.hpp(78): warning C4910: "op::Queue<std::shared_ptr<std::vector<op::Datum,std::allocator<_Ty>>>,std::queue<std::shared_ptr<std::vector<_Ty,std::allocator<_Ty>>>,std::deque<std::shared_ptr<std::vector<_Ty,std::allocator<_Ty>>>,std::allocator<std::shared_ptr<std::vector<_Ty,std::allocator<_Ty>>>>>>>": "__declspec(dllexport)" und "extern" sind bei einer expliziten Instanziierung nicht miteinander kompatibel.
          with
          [
              _Ty=op::Datum
          ]
D:\Michael\Documents\UNI\TU Wien\8.Semester\UE Visual Analysis of Human Motion\openpose\include\openpose/thread/worker.hpp(72): warning C4910: "op::Worker<std::shared_ptr<std::vector<op::Datum,std::allocator<_Ty>>>>": "__declspec(dllexport)" und "extern" sind bei einer expliziten Instanziierung nicht miteinander kompatibel.
          with
          [
              _Ty=op::Datum
          ]
D:\Michael\Documents\UNI\TU Wien\8.Semester\UE Visual Analysis of Human Motion\openpose\include\openpose/thread/subThread.hpp(154): warning C4910: "op::SubThread<std::shared_ptr<std::vector<op::Datum,std::allocator<_Ty>>>,std::shared_ptr<op::Worker<std::shared_ptr<std::vector<_Ty,std::allocator<_Ty>>>>>>": "__declspec(dllexport)" und "extern" sind bei einer expliziten Instanziierung nicht miteinander kompatibel.
          with
          [
              _Ty=op::Datum
          ]
D:\Michael\Documents\UNI\TU Wien\8.Semester\UE Visual Analysis of Human Motion\openpose\include\openpose/thread/thread.hpp(234): warning C4910: "op::Thread<std::shared_ptr<std::vector<op::Datum,std::allocator<_Ty>>>,std::shared_ptr<op::Worker<std::shared_ptr<std::vector<_Ty,std::allocator<_Ty>>>>>>": "__declspec(dllexport)" und "extern" sind bei einer expliziten Instanziierung nicht miteinander kompatibel.
          with
          [
              _Ty=op::Datum
          ]
D:\Michael\Documents\UNI\TU Wien\8.Semester\UE Visual Analysis of Human Motion\openpose\include\openpose/thread/subThreadNoQueue.hpp(49): warning C4910: "op::SubThreadNoQueue<std::shared_ptr<std::vector<op::Datum,std::allocator<_Ty>>>,std::shared_ptr<op::Worker<std::shared_ptr<std::vector<_Ty,std::allocator<_Ty>>>>>>": "__declspec(dllexport)" und "extern" sind bei einer expliziten Instanziierung nicht miteinander kompatibel.
          with
          [
              _Ty=op::Datum
          ]
D:\Michael\Documents\UNI\TU Wien\8.Semester\UE Visual Analysis of Human Motion\openpose\include\openpose/thread/subThreadQueueIn.hpp(67): warning C4910: "op::SubThreadQueueIn<std::shared_ptr<std::vector<op::Datum,std::allocator<_Ty>>>,std::shared_ptr<op::Worker<std::shared_ptr<std::vector<_Ty,std::allocator<_Ty>>>>>,op::Queue<std::shared_ptr<std::vector<_Ty,std::allocator<_Ty>>>,std::queue<std::shared_ptr<std::vector<_Ty,std::allocator<_Ty>>>,std::deque<std::shared_ptr<std::vector<_Ty,std::allocator<_Ty>>>,std::allocator<std::shared_ptr<std::vector<_Ty,std::allocator<_Ty>>>>>>>>": "__declspec(dllexport)" und "extern" sind bei einer expliziten Instanziierung nicht miteinander kompatibel.
          with
          [
              _Ty=op::Datum
          ]
D:\Michael\Documents\UNI\TU Wien\8.Semester\UE Visual Analysis of Human Motion\openpose\include\openpose/thread/subThreadQueueInOut.hpp(91): warning C4910: "op::SubThreadQueueInOut<std::shared_ptr<std::vector<op::Datum,std::allocator<_Ty>>>,std::shared_ptr<op::Worker<std::shared_ptr<std::vector<_Ty,std::allocator<_Ty>>>>>,op::Queue<std::shared_ptr<std::vector<_Ty,std::allocator<_Ty>>>,std::queue<std::shared_ptr<std::vector<_Ty,std::allocator<_Ty>>>,std::deque<std::shared_ptr<std::vector<_Ty,std::allocator<_Ty>>>,std::allocator<std::shared_ptr<std::vector<_Ty,std::allocator<_Ty>>>>>>>>": "__declspec(dllexport)" und "extern" sind bei einer expliziten Instanziierung nicht miteinander kompatibel.
          with
          [
              _Ty=op::Datum
          ]
D:\Michael\Documents\UNI\TU Wien\8.Semester\UE Visual Analysis of Human Motion\openpose\include\openpose/thread/subThreadQueueOut.hpp(75): warning C4910: "op::SubThreadQueueOut<std::shared_ptr<std::vector<op::Datum,std::allocator<_Ty>>>,std::shared_ptr<op::Worker<std::shared_ptr<std::vector<_Ty,std::allocator<_Ty>>>>>,op::Queue<std::shared_ptr<std::vector<_Ty,std::allocator<_Ty>>>,std::queue<std::shared_ptr<std::vector<_Ty,std::allocator<_Ty>>>,std::deque<std::shared_ptr<std::vector<_Ty,std::allocator<_Ty>>>,std::allocator<std::shared_ptr<std::vector<_Ty,std::allocator<_Ty>>>>>>>>": "__declspec(dllexport)" und "extern" sind bei einer expliziten Instanziierung nicht miteinander kompatibel.
          with
          [
              _Ty=op::Datum
          ]
D:\Michael\Documents\UNI\TU Wien\8.Semester\UE Visual Analysis of Human Motion\openpose\include\openpose/thread/threadManager.hpp(502): warning C4910: "op::ThreadManager<std::shared_ptr<std::vector<op::Datum,std::allocator<_Ty>>>,std::shared_ptr<op::Worker<std::shared_ptr<std::vector<_Ty,std::allocator<_Ty>>>>>,op::Queue<std::shared_ptr<std::vector<_Ty,std::allocator<_Ty>>>,std::queue<std::shared_ptr<std::vector<_Ty,std::allocator<_Ty>>>,std::deque<std::shared_ptr<std::vector<_Ty,std::allocator<_Ty>>>,std::allocator<std::shared_ptr<std::vector<_Ty,std::allocator<_Ty>>>>>>>>": "__declspec(dllexport)" und "extern" sind bei einer expliziten Instanziierung nicht miteinander kompatibel.
          with
          [
              _Ty=op::Datum
          ]
D:\Michael\Documents\UNI\TU Wien\8.Semester\UE Visual Analysis of Human Motion\openpose\include\openpose/thread/workerProducer.hpp(37): warning C4910: "op::WorkerProducer<std::shared_ptr<std::vector<op::Datum,std::allocator<_Ty>>>>": "__declspec(dllexport)" und "extern" sind bei einer expliziten Instanziierung nicht miteinander kompatibel.
          with
          [
              _Ty=op::Datum
          ]
D:\Michael\Documents\UNI\TU Wien\8.Semester\UE Visual Analysis of Human Motion\openpose\include\openpose/thread/workerConsumer.hpp(37): warning C4910: "op::WorkerConsumer<std::shared_ptr<std::vector<op::Datum,std::allocator<_Ty>>>>": "__declspec(dllexport)" und "extern" sind bei einer expliziten Instanziierung nicht miteinander kompatibel.
          with
          [
              _Ty=op::Datum
          ]
D:\Michael\Documents\UNI\TU Wien\8.Semester\UE Visual Analysis of Human Motion\openpose\include\openpose/thread/wIdGenerator.hpp(68): warning C4910: "op::WIdGenerator<std::shared_ptr<std::vector<op::Datum,std::allocator<_Ty>>>>": "__declspec(dllexport)" und "extern" sind bei einer expliziten Instanziierung nicht miteinander kompatibel.
          with
          [
              _Ty=op::Datum
          ]
D:\Michael\Documents\UNI\TU Wien\8.Semester\UE Visual Analysis of Human Motion\openpose\include\openpose/thread/wQueueOrderer.hpp(139): warning C4910: "op::WQueueOrderer<std::shared_ptr<std::vector<op::Datum,std::allocator<_Ty>>>>": "__declspec(dllexport)" und "extern" sind bei einer expliziten Instanziierung nicht miteinander kompatibel.
          with
          [
              _Ty=op::Datum
          ]
  defineTemplates.cpp
D:\Michael\Documents\UNI\TU Wien\8.Semester\UE Visual Analysis of Human Motion\openpose\include\openpose/thread/priorityQueue.hpp(78): warning C4910: "op::PriorityQueue<std::shared_ptr<std::vector<op::Datum,std::allocator<_Ty>>>,std::priority_queue<std::shared_ptr<std::vector<_Ty,std::allocator<_Ty>>>,std::vector<std::shared_ptr<std::vector<_Ty,std::allocator<_Ty>>>,std::allocator<std::shared_ptr<std::vector<_Ty,std::allocator<_Ty>>>>>,std::greater<std::shared_ptr<std::vector<_Ty,std::allocator<_Ty>>>>>>": "__declspec(dllexport)" und "extern" sind bei einer expliziten Instanziierung nicht miteinander kompatibel.
          with
          [
              _Ty=op::Datum
          ]
D:\Michael\Documents\UNI\TU Wien\8.Semester\UE Visual Analysis of Human Motion\openpose\include\openpose/thread/queue.hpp(78): warning C4910: "op::Queue<std::shared_ptr<std::vector<op::Datum,std::allocator<_Ty>>>,std::queue<std::shared_ptr<std::vector<_Ty,std::allocator<_Ty>>>,std::deque<std::shared_ptr<std::vector<_Ty,std::allocator<_Ty>>>,std::allocator<std::shared_ptr<std::vector<_Ty,std::allocator<_Ty>>>>>>>": "__declspec(dllexport)" und "extern" sind bei einer expliziten Instanziierung nicht miteinander kompatibel.
          with
          [
              _Ty=op::Datum
          ]
D:\Michael\Documents\UNI\TU Wien\8.Semester\UE Visual Analysis of Human Motion\openpose\include\openpose/thread/worker.hpp(72): warning C4910: "op::Worker<std::shared_ptr<std::vector<op::Datum,std::allocator<_Ty>>>>": "__declspec(dllexport)" und "extern" sind bei einer expliziten Instanziierung nicht miteinander kompatibel.
          with
          [
              _Ty=op::Datum
          ]
D:\Michael\Documents\UNI\TU Wien\8.Semester\UE Visual Analysis of Human Motion\openpose\include\openpose/thread/subThread.hpp(154): warning C4910: "op::SubThread<std::shared_ptr<std::vector<op::Datum,std::allocator<_Ty>>>,std::shared_ptr<op::Worker<std::shared_ptr<std::vector<_Ty,std::allocator<_Ty>>>>>>": "__declspec(dllexport)" und "extern" sind bei einer expliziten Instanziierung nicht miteinander kompatibel.
          with
          [
              _Ty=op::Datum
          ]
D:\Michael\Documents\UNI\TU Wien\8.Semester\UE Visual Analysis of Human Motion\openpose\include\openpose/thread/thread.hpp(234): warning C4910: "op::Thread<std::shared_ptr<std::vector<op::Datum,std::allocator<_Ty>>>,std::shared_ptr<op::Worker<std::shared_ptr<std::vector<_Ty,std::allocator<_Ty>>>>>>": "__declspec(dllexport)" und "extern" sind bei einer expliziten Instanziierung nicht miteinander kompatibel.
          with
          [
              _Ty=op::Datum
          ]
D:\Michael\Documents\UNI\TU Wien\8.Semester\UE Visual Analysis of Human Motion\openpose\include\openpose/thread/subThreadNoQueue.hpp(49): warning C4910: "op::SubThreadNoQueue<std::shared_ptr<std::vector<op::Datum,std::allocator<_Ty>>>,std::shared_ptr<op::Worker<std::shared_ptr<std::vector<_Ty,std::allocator<_Ty>>>>>>": "__declspec(dllexport)" und "extern" sind bei einer expliziten Instanziierung nicht miteinander kompatibel.
          with
          [
              _Ty=op::Datum
          ]
D:\Michael\Documents\UNI\TU Wien\8.Semester\UE Visual Analysis of Human Motion\openpose\include\openpose/thread/subThreadQueueIn.hpp(67): warning C4910: "op::SubThreadQueueIn<std::shared_ptr<std::vector<op::Datum,std::allocator<_Ty>>>,std::shared_ptr<op::Worker<std::shared_ptr<std::vector<_Ty,std::allocator<_Ty>>>>>,op::Queue<std::shared_ptr<std::vector<_Ty,std::allocator<_Ty>>>,std::queue<std::shared_ptr<std::vector<_Ty,std::allocator<_Ty>>>,std::deque<std::shared_ptr<std::vector<_Ty,std::allocator<_Ty>>>,std::allocator<std::shared_ptr<std::vector<_Ty,std::allocator<_Ty>>>>>>>>": "__declspec(dllexport)" und "extern" sind bei einer expliziten Instanziierung nicht miteinander kompatibel.
          with
          [
              _Ty=op::Datum
          ]
D:\Michael\Documents\UNI\TU Wien\8.Semester\UE Visual Analysis of Human Motion\openpose\include\openpose/thread/subThreadQueueInOut.hpp(91): warning C4910: "op::SubThreadQueueInOut<std::shared_ptr<std::vector<op::Datum,std::allocator<_Ty>>>,std::shared_ptr<op::Worker<std::shared_ptr<std::vector<_Ty,std::allocator<_Ty>>>>>,op::Queue<std::shared_ptr<std::vector<_Ty,std::allocator<_Ty>>>,std::queue<std::shared_ptr<std::vector<_Ty,std::allocator<_Ty>>>,std::deque<std::shared_ptr<std::vector<_Ty,std::allocator<_Ty>>>,std::allocator<std::shared_ptr<std::vector<_Ty,std::allocator<_Ty>>>>>>>>": "__declspec(dllexport)" und "extern" sind bei einer expliziten Instanziierung nicht miteinander kompatibel.
          with
          [
              _Ty=op::Datum
          ]
D:\Michael\Documents\UNI\TU Wien\8.Semester\UE Visual Analysis of Human Motion\openpose\include\openpose/thread/subThreadQueueOut.hpp(75): warning C4910: "op::SubThreadQueueOut<std::shared_ptr<std::vector<op::Datum,std::allocator<_Ty>>>,std::shared_ptr<op::Worker<std::shared_ptr<std::vector<_Ty,std::allocator<_Ty>>>>>,op::Queue<std::shared_ptr<std::vector<_Ty,std::allocator<_Ty>>>,std::queue<std::shared_ptr<std::vector<_Ty,std::allocator<_Ty>>>,std::deque<std::shared_ptr<std::vector<_Ty,std::allocator<_Ty>>>,std::allocator<std::shared_ptr<std::vector<_Ty,std::allocator<_Ty>>>>>>>>": "__declspec(dllexport)" und "extern" sind bei einer expliziten Instanziierung nicht miteinander kompatibel.
          with
          [
              _Ty=op::Datum
          ]
D:\Michael\Documents\UNI\TU Wien\8.Semester\UE Visual Analysis of Human Motion\openpose\include\openpose/thread/threadManager.hpp(502): warning C4910: "op::ThreadManager<std::shared_ptr<std::vector<op::Datum,std::allocator<_Ty>>>,std::shared_ptr<op::Worker<std::shared_ptr<std::vector<_Ty,std::allocator<_Ty>>>>>,op::Queue<std::shared_ptr<std::vector<_Ty,std::allocator<_Ty>>>,std::queue<std::shared_ptr<std::vector<_Ty,std::allocator<_Ty>>>,std::deque<std::shared_ptr<std::vector<_Ty,std::allocator<_Ty>>>,std::allocator<std::shared_ptr<std::vector<_Ty,std::allocator<_Ty>>>>>>>>": "__declspec(dllexport)" und "extern" sind bei einer expliziten Instanziierung nicht miteinander kompatibel.
          with
          [
              _Ty=op::Datum
          ]
D:\Michael\Documents\UNI\TU Wien\8.Semester\UE Visual Analysis of Human Motion\openpose\include\openpose/thread/workerProducer.hpp(37): warning C4910: "op::WorkerProducer<std::shared_ptr<std::vector<op::Datum,std::allocator<_Ty>>>>": "__declspec(dllexport)" und "extern" sind bei einer expliziten Instanziierung nicht miteinander kompatibel.
          with
          [
              _Ty=op::Datum
          ]
D:\Michael\Documents\UNI\TU Wien\8.Semester\UE Visual Analysis of Human Motion\openpose\include\openpose/thread/workerConsumer.hpp(37): warning C4910: "op::WorkerConsumer<std::shared_ptr<std::vector<op::Datum,std::allocator<_Ty>>>>": "__declspec(dllexport)" und "extern" sind bei einer expliziten Instanziierung nicht miteinander kompatibel.
          with
          [
              _Ty=op::Datum
          ]
D:\Michael\Documents\UNI\TU Wien\8.Semester\UE Visual Analysis of Human Motion\openpose\include\openpose/thread/wIdGenerator.hpp(68): warning C4910: "op::WIdGenerator<std::shared_ptr<std::vector<op::Datum,std::allocator<_Ty>>>>": "__declspec(dllexport)" und "extern" sind bei einer expliziten Instanziierung nicht miteinander kompatibel.
          with
          [
              _Ty=op::Datum
          ]
D:\Michael\Documents\UNI\TU Wien\8.Semester\UE Visual Analysis of Human Motion\openpose\include\openpose/thread/wQueueOrderer.hpp(139): warning C4910: "op::WQueueOrderer<std::shared_ptr<std::vector<op::Datum,std::allocator<_Ty>>>>": "__declspec(dllexport)" und "extern" sind bei einer expliziten Instanziierung nicht miteinander kompatibel.
          with
          [
              _Ty=op::Datum
          ]
D:\Michael\Documents\UNI\TU Wien\8.Semester\UE Visual Analysis of Human Motion\openpose\include\openpose/3d/wPoseTriangulation.hpp(101): warning C4910: "op::WPoseTriangulation<std::shared_ptr<std::vector<op::Datum,std::allocator<_Ty>>>>": "__declspec(dllexport)" und "extern" sind bei einer expliziten Instanziierung nicht miteinander kompatibel.
          with
          [
              _Ty=op::Datum
          ]
D:\Michael\Documents\UNI\TU Wien\8.Semester\UE Visual Analysis of Human Motion\openpose\include\openpose/core/wCvMatToOpInput.hpp(77): warning C4910: "op::WCvMatToOpInput<std::shared_ptr<std::vector<op::Datum,std::allocator<_Ty>>>>": "__declspec(dllexport)" und "extern" sind bei einer expliziten Instanziierung nicht miteinander kompatibel.
          with
          [
              _Ty=op::Datum
          ]
D:\Michael\Documents\UNI\TU Wien\8.Semester\UE Visual Analysis of Human Motion\openpose\include\openpose/core/wCvMatToOpOutput.hpp(79): warning C4910: "op::WCvMatToOpOutput<std::shared_ptr<std::vector<op::Datum,std::allocator<_Ty>>>>": "__declspec(dllexport)" und "extern" sind bei einer expliziten Instanziierung nicht miteinander kompatibel.
          with
          [
              _Ty=op::Datum
          ]
D:\Michael\Documents\UNI\TU Wien\8.Semester\UE Visual Analysis of Human Motion\openpose\include\openpose/core/wKeepTopNPeople.hpp(80): warning C4910: "op::WKeepTopNPeople<std::shared_ptr<std::vector<op::Datum,std::allocator<_Ty>>>>": "__declspec(dllexport)" und "extern" sind bei einer expliziten Instanziierung nicht miteinander kompatibel.
          with
          [
              _Ty=op::Datum
          ]
D:\Michael\Documents\UNI\TU Wien\8.Semester\UE Visual Analysis of Human Motion\openpose\include\openpose/core/wKeypointScaler.hpp(81): warning C4910: "op::WKeypointScaler<std::shared_ptr<std::vector<op::Datum,std::allocator<_Ty>>>>": "__declspec(dllexport)" und "extern" sind bei einer expliziten Instanziierung nicht miteinander kompatibel.
          with
          [
              _Ty=op::Datum
          ]
D:\Michael\Documents\UNI\TU Wien\8.Semester\UE Visual Analysis of Human Motion\openpose\include\openpose/core/wOpOutputToCvMat.hpp(75): warning C4910: "op::WOpOutputToCvMat<std::shared_ptr<std::vector<op::Datum,std::allocator<_Ty>>>>": "__declspec(dllexport)" und "extern" sind bei einer expliziten Instanziierung nicht miteinander kompatibel.
          with
          [
              _Ty=op::Datum
          ]
D:\Michael\Documents\UNI\TU Wien\8.Semester\UE Visual Analysis of Human Motion\openpose\include\openpose/core/wScaleAndSizeExtractor.hpp(80): warning C4910: "op::WScaleAndSizeExtractor<std::shared_ptr<std::vector<op::Datum,std::allocator<_Ty>>>>": "__declspec(dllexport)" und "extern" sind bei einer expliziten Instanziierung nicht miteinander kompatibel.
          with
          [
              _Ty=op::Datum
          ]
D:\Michael\Documents\UNI\TU Wien\8.Semester\UE Visual Analysis of Human Motion\openpose\include\openpose/experimental/tracking/wPersonIdExtractor.hpp(75): warning C4910: "op::WPersonIdExtractor<std::shared_ptr<std::vector<op::Datum,std::allocator<_Ty>>>>": "__declspec(dllexport)" und "extern" sind bei einer expliziten Instanziierung nicht miteinander kompatibel.
          with
          [
              _Ty=op::Datum
          ]
D:\Michael\Documents\UNI\TU Wien\8.Semester\UE Visual Analysis of Human Motion\openpose\include\openpose/face/wFaceDetector.hpp(75): warning C4910: "op::WFaceDetector<std::shared_ptr<std::vector<op::Datum,std::allocator<_Ty>>>>": "__declspec(dllexport)" und "extern" sind bei einer expliziten Instanziierung nicht miteinander kompatibel.
          with
          [
              _Ty=op::Datum
          ]
D:\Michael\Documents\UNI\TU Wien\8.Semester\UE Visual Analysis of Human Motion\openpose\include\openpose/face/wFaceDetectorOpenCV.hpp(75): warning C4910: "op::WFaceDetectorOpenCV<std::shared_ptr<std::vector<op::Datum,std::allocator<_Ty>>>>": "__declspec(dllexport)" und "extern" sind bei einer expliziten Instanziierung nicht miteinander kompatibel.
          with
          [
              _Ty=op::Datum
          ]
D:\Michael\Documents\UNI\TU Wien\8.Semester\UE Visual Analysis of Human Motion\openpose\include\openpose/face/wFaceExtractorNet.hpp(80): warning C4910: "op::WFaceExtractorNet<std::shared_ptr<std::vector<op::Datum,std::allocator<_Ty>>>>": "__declspec(dllexport)" und "extern" sind bei einer expliziten Instanziierung nicht miteinander kompatibel.
          with
          [
              _Ty=op::Datum
          ]
D:\Michael\Documents\UNI\TU Wien\8.Semester\UE Visual Analysis of Human Motion\openpose\include\openpose/face/wFaceRenderer.hpp(77): warning C4910: "op::WFaceRenderer<std::shared_ptr<std::vector<op::Datum,std::allocator<_Ty>>>>": "__declspec(dllexport)" und "extern" sind bei einer expliziten Instanziierung nicht miteinander kompatibel.
          with
          [
              _Ty=op::Datum
          ]
D:\Michael\Documents\UNI\TU Wien\8.Semester\UE Visual Analysis of Human Motion\openpose\include\openpose/filestream/wCocoJsonSaver.hpp(78): warning C4910: "op::WCocoJsonSaver<std::shared_ptr<std::vector<op::Datum,std::allocator<_Ty>>>>": "__declspec(dllexport)" und "extern" sind bei einer expliziten Instanziierung nicht miteinander kompatibel.
          with
          [
              _Ty=op::Datum
          ]
D:\Michael\Documents\UNI\TU Wien\8.Semester\UE Visual Analysis of Human Motion\openpose\include\openpose/filestream/wFaceSaver.hpp(80): warning C4910: "op::WFaceSaver<std::shared_ptr<std::vector<op::Datum,std::allocator<_Ty>>>>": "__declspec(dllexport)" und "extern" sind bei einer expliziten Instanziierung nicht miteinander kompatibel.
          with
          [
              _Ty=op::Datum
          ]
D:\Michael\Documents\UNI\TU Wien\8.Semester\UE Visual Analysis of Human Motion\openpose\include\openpose/filestream/wHandSaver.hpp(85): warning C4910: "op::WHandSaver<std::shared_ptr<std::vector<op::Datum,std::allocator<_Ty>>>>": "__declspec(dllexport)" und "extern" sind bei einer expliziten Instanziierung nicht miteinander kompatibel.
          with
          [
              _Ty=op::Datum
          ]
D:\Michael\Documents\UNI\TU Wien\8.Semester\UE Visual Analysis of Human Motion\openpose\include\openpose/filestream/wImageSaver.hpp(79): warning C4910: "op::WImageSaver<std::shared_ptr<std::vector<op::Datum,std::allocator<_Ty>>>>": "__declspec(dllexport)" und "extern" sind bei einer expliziten Instanziierung nicht miteinander kompatibel.
          with
          [
              _Ty=op::Datum
          ]
D:\Michael\Documents\UNI\TU Wien\8.Semester\UE Visual Analysis of Human Motion\openpose\include\openpose/filestream/wHeatMapSaver.hpp(81): warning C4910: "op::WHeatMapSaver<std::shared_ptr<std::vector<op::Datum,std::allocator<_Ty>>>>": "__declspec(dllexport)" und "extern" sind bei einer expliziten Instanziierung nicht miteinander kompatibel.
          with
          [
              _Ty=op::Datum
          ]
D:\Michael\Documents\UNI\TU Wien\8.Semester\UE Visual Analysis of Human Motion\openpose\include\openpose/filestream/wPeopleJsonSaver.hpp(97): warning C4910: "op::WPeopleJsonSaver<std::shared_ptr<std::vector<op::Datum,std::allocator<_Ty>>>>": "__declspec(dllexport)" und "extern" sind bei einer expliziten Instanziierung nicht miteinander kompatibel.
          with
          [
              _Ty=op::Datum
          ]
D:\Michael\Documents\UNI\TU Wien\8.Semester\UE Visual Analysis of Human Motion\openpose\include\openpose/filestream/wPoseSaver.hpp(80): warning C4910: "op::WPoseSaver<std::shared_ptr<std::vector<op::Datum,std::allocator<_Ty>>>>": "__declspec(dllexport)" und "extern" sind bei einer expliziten Instanziierung nicht miteinander kompatibel.
          with
          [
              _Ty=op::Datum
          ]
D:\Michael\Documents\UNI\TU Wien\8.Semester\UE Visual Analysis of Human Motion\openpose\include\openpose/filestream/wVideoSaver.hpp(78): warning C4910: "op::WVideoSaver<std::shared_ptr<std::vector<op::Datum,std::allocator<_Ty>>>>": "__declspec(dllexport)" und "extern" sind bei einer expliziten Instanziierung nicht miteinander kompatibel.
          with
          [
              _Ty=op::Datum
          ]
D:\Michael\Documents\UNI\TU Wien\8.Semester\UE Visual Analysis of Human Motion\openpose\include\openpose/gui/wGui.hpp(93): warning C4910: "op::WGui<std::shared_ptr<std::vector<op::Datum,std::allocator<_Ty>>>>": "__declspec(dllexport)" und "extern" sind bei einer expliziten Instanziierung nicht miteinander kompatibel.
          with
          [
              _Ty=op::Datum
          ]
D:\Michael\Documents\UNI\TU Wien\8.Semester\UE Visual Analysis of Human Motion\openpose\include\openpose/gui/wGui3D.hpp(98): warning C4910: "op::WGui3D<std::shared_ptr<std::vector<op::Datum,std::allocator<_Ty>>>>": "__declspec(dllexport)" und "extern" sind bei einer expliziten Instanziierung nicht miteinander kompatibel.
          with
          [
              _Ty=op::Datum
          ]
D:\Michael\Documents\UNI\TU Wien\8.Semester\UE Visual Analysis of Human Motion\openpose\include\openpose/gui/wGuiInfoAdder.hpp(78): warning C4910: "op::WGuiInfoAdder<std::shared_ptr<std::vector<op::Datum,std::allocator<_Ty>>>>": "__declspec(dllexport)" und "extern" sind bei einer expliziten Instanziierung nicht miteinander kompatibel.
          with
          [
              _Ty=op::Datum
          ]
D:\Michael\Documents\UNI\TU Wien\8.Semester\UE Visual Analysis of Human Motion\openpose\include\openpose/hand/wHandDetector.hpp(75): warning C4910: "op::WHandDetector<std::shared_ptr<std::vector<op::Datum,std::allocator<_Ty>>>>": "__declspec(dllexport)" und "extern" sind bei einer expliziten Instanziierung nicht miteinander kompatibel.
          with
          [
              _Ty=op::Datum
          ]
D:\Michael\Documents\UNI\TU Wien\8.Semester\UE Visual Analysis of Human Motion\openpose\include\openpose/hand/wHandDetectorFromTxt.hpp(75): warning C4910: "op::WHandDetectorFromTxt<std::shared_ptr<std::vector<op::Datum,std::allocator<_Ty>>>>": "__declspec(dllexport)" und "extern" sind bei einer expliziten Instanziierung nicht miteinander kompatibel.
          with
          [
              _Ty=op::Datum
          ]
D:\Michael\Documents\UNI\TU Wien\8.Semester\UE Visual Analysis of Human Motion\openpose\include\openpose/hand/wHandDetectorTracking.hpp(75): warning C4910: "op::WHandDetectorTracking<std::shared_ptr<std::vector<op::Datum,std::allocator<_Ty>>>>": "__declspec(dllexport)" und "extern" sind bei einer expliziten Instanziierung nicht miteinander kompatibel.
          with
          [
              _Ty=op::Datum
          ]
D:\Michael\Documents\UNI\TU Wien\8.Semester\UE Visual Analysis of Human Motion\openpose\include\openpose/hand/wHandDetectorUpdate.hpp(75): warning C4910: "op::WHandDetectorUpdate<std::shared_ptr<std::vector<op::Datum,std::allocator<_Ty>>>>": "__declspec(dllexport)" und "extern" sind bei einer expliziten Instanziierung nicht miteinander kompatibel.
          with
          [
              _Ty=op::Datum
          ]
D:\Michael\Documents\UNI\TU Wien\8.Semester\UE Visual Analysis of Human Motion\openpose\include\openpose/hand/wHandExtractorNet.hpp(83): warning C4910: "op::WHandExtractorNet<std::shared_ptr<std::vector<op::Datum,std::allocator<_Ty>>>>": "__declspec(dllexport)" und "extern" sind bei einer expliziten Instanziierung nicht miteinander kompatibel.
          with
          [
              _Ty=op::Datum
          ]
D:\Michael\Documents\UNI\TU Wien\8.Semester\UE Visual Analysis of Human Motion\openpose\include\openpose/hand/wHandRenderer.hpp(77): warning C4910: "op::WHandRenderer<std::shared_ptr<std::vector<op::Datum,std::allocator<_Ty>>>>": "__declspec(dllexport)" und "extern" sind bei einer expliziten Instanziierung nicht miteinander kompatibel.
          with
          [
              _Ty=op::Datum
          ]
D:\Michael\Documents\UNI\TU Wien\8.Semester\UE Visual Analysis of Human Motion\openpose\include\openpose/pose/wPoseExtractor.hpp(97): warning C4910: "op::WPoseExtractor<std::shared_ptr<std::vector<op::Datum,std::allocator<_Ty>>>>": "__declspec(dllexport)" und "extern" sind bei einer expliziten Instanziierung nicht miteinander kompatibel.
          with
          [
              _Ty=op::Datum
          ]
D:\Michael\Documents\UNI\TU Wien\8.Semester\UE Visual Analysis of Human Motion\openpose\include\openpose/pose/wPoseExtractorNet.hpp(85): warning C4910: "op::WPoseExtractorNet<std::shared_ptr<std::vector<op::Datum,std::allocator<_Ty>>>>": "__declspec(dllexport)" und "extern" sind bei einer expliziten Instanziierung nicht miteinander kompatibel.
          with
          [
              _Ty=op::Datum
          ]
D:\Michael\Documents\UNI\TU Wien\8.Semester\UE Visual Analysis of Human Motion\openpose\include\openpose/pose/wPoseRenderer.hpp(78): warning C4910: "op::WPoseRenderer<std::shared_ptr<std::vector<op::Datum,std::allocator<_Ty>>>>": "__declspec(dllexport)" und "extern" sind bei einer expliziten Instanziierung nicht miteinander kompatibel.
          with
          [
              _Ty=op::Datum
          ]
     Bibliothek "D:/Michael/Documents/UNI/TU Wien/8.Semester/UE Visual Analysis of Human Motion/openpose/buildwin/src/openpose/Release/openpose.lib" und Objekt "D:/Michael/Documents/UNI/TU Wien/8.Semester/UE Visual Analysis of Human Motion/openpose/buildwin/src/openpose/Release/openpose.exp" werden erstellt.
  LINK : /LTCG wurde angegeben, es ist jedoch keine Codegenerierung erforderlich. Entfernen Sie /LTCG aus der Linkbefehlszeile, um die Linkerleistung zu erhöhen.
openpose_generated_nmsBase.cu.obj : warning LNK4049: Lokal definiertes Symbol "?error@op@@YAXAEBV?$basic_string@DU?$char_traits@D@std@@V?$allocator@D@2@@std@@H00@Z (void __cdecl op::error(class std::basic_string<char,struct std::char_traits<char>,class std::allocator<char> > const &,int,class std::basic_string<char,struct std::char_traits<char>,class std::allocator<char> > const &,class std::basic_string<char,struct std::char_traits<char>,class std::allocator<char> > const &))" wurde importiert.
openpose_generated_resizeAndMergeBase.cu.obj : warning LNK4049: Lokal definiertes Symbol "?error@op@@YAXAEBV?$basic_string@DU?$char_traits@D@std@@V?$allocator@D@2@@std@@H00@Z (void __cdecl op::error(class std::basic_string<char,struct std::char_traits<char>,class std::allocator<char> > const &,int,class std::basic_string<char,struct std::char_traits<char>,class std::allocator<char> > const &,class std::basic_string<char,struct std::char_traits<char>,class std::allocator<char> > const &))" wurde importiert.
openpose_generated_bodyPartConnectorBase.cu.obj : warning LNK4049: Lokal definiertes Symbol "?error@op@@YAXAEBV?$basic_string@DU?$char_traits@D@std@@V?$allocator@D@2@@std@@H00@Z (void __cdecl op::error(class std::basic_string<char,struct std::char_traits<char>,class std::allocator<char> > const &,int,class std::basic_string<char,struct std::char_traits<char>,class std::allocator<char> > const &,class std::basic_string<char,struct std::char_traits<char>,class std::allocator<char> > const &))" wurde importiert.
openpose_generated_renderPose.cu.obj : warning LNK4049: Lokal definiertes Symbol "?error@op@@YAXAEBV?$basic_string@DU?$char_traits@D@std@@V?$allocator@D@2@@std@@H00@Z (void __cdecl op::error(class std::basic_string<char,struct std::char_traits<char>,class std::allocator<char> > const &,int,class std::basic_string<char,struct std::char_traits<char>,class std::allocator<char> > const &,class std::basic_string<char,struct std::char_traits<char>,class std::allocator<char> > const &))" wurde importiert.
openpose_generated_pyramidalLK.cu.obj : warning LNK4049: Lokal definiertes Symbol "?error@op@@YAXAEBV?$basic_string@DU?$char_traits@D@std@@V?$allocator@D@2@@std@@H00@Z (void __cdecl op::error(class std::basic_string<char,struct std::char_traits<char>,class std::allocator<char> > const &,int,class std::basic_string<char,struct std::char_traits<char>,class std::allocator<char> > const &,class std::basic_string<char,struct std::char_traits<char>,class std::allocator<char> > const &))" wurde importiert.
openpose_generated_renderFace.cu.obj : warning LNK4049: Lokal definiertes Symbol "?error@op@@YAXAEBV?$basic_string@DU?$char_traits@D@std@@V?$allocator@D@2@@std@@H00@Z (void __cdecl op::error(class std::basic_string<char,struct std::char_traits<char>,class std::allocator<char> > const &,int,class std::basic_string<char,struct std::char_traits<char>,class std::allocator<char> > const &,class std::basic_string<char,struct std::char_traits<char>,class std::allocator<char> > const &))" wurde importiert.
openpose_generated_renderHand.cu.obj : warning LNK4049: Lokal definiertes Symbol "?error@op@@YAXAEBV?$basic_string@DU?$char_traits@D@std@@V?$allocator@D@2@@std@@H00@Z (void __cdecl op::error(class std::basic_string<char,struct std::char_traits<char>,class std::allocator<char> > const &,int,class std::basic_string<char,struct std::char_traits<char>,class std::allocator<char> > const &,class std::basic_string<char,struct std::char_traits<char>,class std::allocator<char> > const &))" wurde importiert.
openpose_generated_maximumBase.cu.obj : warning LNK4049: Lokal definiertes Symbol "?error@op@@YAXAEBV?$basic_string@DU?$char_traits@D@std@@V?$allocator@D@2@@std@@H00@Z (void __cdecl op::error(class std::basic_string<char,struct std::char_traits<char>,class std::allocator<char> > const &,int,class std::basic_string<char,struct std::char_traits<char>,class std::allocator<char> > const &,class std::basic_string<char,struct std::char_traits<char>,class std::allocator<char> > const &))" wurde importiert.
openpose_generated_resizeAndMergeBase.cu.obj : warning LNK4049: Lokal definiertes Symbol "?cudaCheck@op@@YAXHAEBV?$basic_string@DU?$char_traits@D@std@@V?$allocator@D@2@@std@@0@Z (void __cdecl op::cudaCheck(int,class std::basic_string<char,struct std::char_traits<char>,class std::allocator<char> > const &,class std::basic_string<char,struct std::char_traits<char>,class std::allocator<char> > const &))" wurde importiert.
openpose_generated_bodyPartConnectorBase.cu.obj : warning LNK4049: Lokal definiertes Symbol "?cudaCheck@op@@YAXHAEBV?$basic_string@DU?$char_traits@D@std@@V?$allocator@D@2@@std@@0@Z (void __cdecl op::cudaCheck(int,class std::basic_string<char,struct std::char_traits<char>,class std::allocator<char> > const &,class std::basic_string<char,struct std::char_traits<char>,class std::allocator<char> > const &))" wurde importiert.
openpose_generated_renderPose.cu.obj : warning LNK4049: Lokal definiertes Symbol "?cudaCheck@op@@YAXHAEBV?$basic_string@DU?$char_traits@D@std@@V?$allocator@D@2@@std@@0@Z (void __cdecl op::cudaCheck(int,class std::basic_string<char,struct std::char_traits<char>,class std::allocator<char> > const &,class std::basic_string<char,struct std::char_traits<char>,class std::allocator<char> > const &))" wurde importiert.
openpose_generated_renderFace.cu.obj : warning LNK4049: Lokal definiertes Symbol "?cudaCheck@op@@YAXHAEBV?$basic_string@DU?$char_traits@D@std@@V?$allocator@D@2@@std@@0@Z (void __cdecl op::cudaCheck(int,class std::basic_string<char,struct std::char_traits<char>,class std::allocator<char> > const &,class std::basic_string<char,struct std::char_traits<char>,class std::allocator<char> > const &))" wurde importiert.
openpose_generated_renderHand.cu.obj : warning LNK4049: Lokal definiertes Symbol "?cudaCheck@op@@YAXHAEBV?$basic_string@DU?$char_traits@D@std@@V?$allocator@D@2@@std@@0@Z (void __cdecl op::cudaCheck(int,class std::basic_string<char,struct std::char_traits<char>,class std::allocator<char> > const &,class std::basic_string<char,struct std::char_traits<char>,class std::allocator<char> > const &))" wurde importiert.
openpose_generated_maximumBase.cu.obj : warning LNK4049: Lokal definiertes Symbol "?cudaCheck@op@@YAXHAEBV?$basic_string@DU?$char_traits@D@std@@V?$allocator@D@2@@std@@0@Z (void __cdecl op::cudaCheck(int,class std::basic_string<char,struct std::char_traits<char>,class std::allocator<char> > const &,class std::basic_string<char,struct std::char_traits<char>,class std::allocator<char> > const &))" wurde importiert.
openpose_generated_nmsBase.cu.obj : warning LNK4049: Lokal definiertes Symbol "?cudaCheck@op@@YAXHAEBV?$basic_string@DU?$char_traits@D@std@@V?$allocator@D@2@@std@@0@Z (void __cdecl op::cudaCheck(int,class std::basic_string<char,struct std::char_traits<char>,class std::allocator<char> > const &,class std::basic_string<char,struct std::char_traits<char>,class std::allocator<char> > const &))" wurde importiert.
openpose_generated_renderFace.cu.obj : warning LNK4049: Lokal definiertes Symbol "?getNumberCudaThreadsAndBlocks@op@@YAXAEAUdim3@@0AEBU?$Point@H@1@@Z (void __cdecl op::getNumberCudaThreadsAndBlocks(struct dim3 &,struct dim3 &,struct op::Point<int> const &))" wurde importiert.
openpose_generated_renderHand.cu.obj : warning LNK4049: Lokal definiertes Symbol "?getNumberCudaThreadsAndBlocks@op@@YAXAEAUdim3@@0AEBU?$Point@H@1@@Z (void __cdecl op::getNumberCudaThreadsAndBlocks(struct dim3 &,struct dim3 &,struct op::Point<int> const &))" wurde importiert.
openpose_generated_renderPose.cu.obj : warning LNK4049: Lokal definiertes Symbol "?getNumberCudaThreadsAndBlocks@op@@YAXAEAUdim3@@0AEBU?$Point@H@1@@Z (void __cdecl op::getNumberCudaThreadsAndBlocks(struct dim3 &,struct dim3 &,struct op::Point<int> const &))" wurde importiert.
openpose_generated_bodyPartConnectorBase.cu.obj : warning LNK4049: Lokal definiertes Symbol "?getPoseNumberBodyParts@op@@YAIW4PoseModel@1@@Z (unsigned int __cdecl op::getPoseNumberBodyParts(enum op::PoseModel))" wurde importiert.
openpose_generated_renderPose.cu.obj : warning LNK4049: Lokal definiertes Symbol "?getPoseNumberBodyParts@op@@YAIW4PoseModel@1@@Z (unsigned int __cdecl op::getPoseNumberBodyParts(enum op::PoseModel))" wurde importiert.
openpose_generated_bodyPartConnectorBase.cu.obj : warning LNK4049: Lokal definiertes Symbol "?getPosePartPairs@op@@YAAEBV?$vector@IV?$allocator@I@std@@@std@@W4PoseModel@1@@Z (class std::vector<unsigned int,class std::allocator<unsigned int> > const & __cdecl op::getPosePartPairs(enum op::PoseModel))" wurde importiert.
openpose_generated_renderPose.cu.obj : warning LNK4049: Lokal definiertes Symbol "?getPosePartPairs@op@@YAAEBV?$vector@IV?$allocator@I@std@@@std@@W4PoseModel@1@@Z (class std::vector<unsigned int,class std::allocator<unsigned int> > const & __cdecl op::getPosePartPairs(enum op::PoseModel))" wurde importiert.
openpose_generated_bodyPartConnectorBase.cu.obj : warning LNK4049: Lokal definiertes Symbol "?getPoseMapIndex@op@@YAAEBV?$vector@IV?$allocator@I@std@@@std@@W4PoseModel@1@@Z (class std::vector<unsigned int,class std::allocator<unsigned int> > const & __cdecl op::getPoseMapIndex(enum op::PoseModel))" wurde importiert.
  openpose.vcxproj -> D:\Michael\Documents\UNI\TU Wien\8.Semester\UE Visual Analysis of Human Motion\openpose\buildwin\x64\Release\openpose.dll
